<?xml version="1.0" encoding="UTF-8"?>
<testng-results ignored="0" total="1" passed="1" failed="0" skipped="0">
  <reporter-output>
  </reporter-output>
  <suite started-at="2024-02-24T01:00:26 IST" name="Default suite" finished-at="2024-02-24T01:01:45 IST" duration-ms="79138">
    <groups>
    </groups>
    <test started-at="2024-02-24T01:00:26 IST" name="Default test" finished-at="2024-02-24T01:01:45 IST" duration-ms="79138">
      <class name="testsuites.Login">
        <test-method is-config="true" signature="launchBrowser()[pri:0, instance:testsuites.Login@70e9c95d]" started-at="2024-02-24T01:00:26 IST" name="launchBrowser" finished-at="2024-02-24T01:01:40 IST" duration-ms="73406" status="PASS">
          <reporter-output>
          </reporter-output>
        </test-method> <!-- launchBrowser -->
        <test-method is-config="true" signature="browserUrlLaunch()[pri:0, instance:testsuites.Login@70e9c95d]" started-at="2024-02-24T01:01:40 IST" name="browserUrlLaunch" finished-at="2024-02-24T01:01:44 IST" duration-ms="4015" status="PASS">
          <reporter-output>
          </reporter-output>
        </test-method> <!-- browserUrlLaunch -->
        <test-method signature="test1()[pri:0, instance:testsuites.Login@70e9c95d]" started-at="2024-02-24T01:01:44 IST" name="test1" finished-at="2024-02-24T01:01:45 IST" duration-ms="1620" status="PASS">
          <reporter-output>
          </reporter-output>
        </test-method> <!-- test1 -->
      </class> <!-- testsuites.Login -->
    </test> <!-- Default test -->
  </suite> <!-- Default suite -->
</testng-results>
